Performing C SOURCE FILE Test CMAKE_HAVE_LIBC_PTHREAD failed with the following output:
Change Dir: /home/piyush/diy_bot/build/CMakeFiles/CMakeTmp

Run Build Command(s):/usr/bin/make cmTC_89da2/fast && /usr/bin/make -f CMakeFiles/cmTC_89da2.dir/build.make CMakeFiles/cmTC_89da2.dir/build
make[1]: Entering directory '/home/piyush/diy_bot/build/CMakeFiles/CMakeTmp'
Building C object CMakeFiles/cmTC_89da2.dir/src.c.o
/usr/bin/cc   -DCMAKE_HAVE_LIBC_PTHREAD   -o CMakeFiles/cmTC_89da2.dir/src.c.o   -c /home/piyush/diy_bot/build/CMakeFiles/CMakeTmp/src.c
Linking C executable cmTC_89da2
/usr/bin/cmake -E cmake_link_script CMakeFiles/cmTC_89da2.dir/link.txt --verbose=1
/usr/bin/cc  -DCMAKE_HAVE_LIBC_PTHREAD    -rdynamic CMakeFiles/cmTC_89da2.dir/src.c.o  -o cmTC_89da2 
/usr/bin/ld: CMakeFiles/cmTC_89da2.dir/src.c.o: in function `main':
src.c:(.text+0x46): undefined reference to `pthread_create'
/usr/bin/ld: src.c:(.text+0x52): undefined reference to `pthread_detach'
/usr/bin/ld: src.c:(.text+0x63): undefined reference to `pthread_join'
collect2: error: ld returned 1 exit status
make[1]: *** [CMakeFiles/cmTC_89da2.dir/build.make:87: cmTC_89da2] Error 1
make[1]: Leaving directory '/home/piyush/diy_bot/build/CMakeFiles/CMakeTmp'
make: *** [Makefile:121: cmTC_89da2/fast] Error 2


Source file was:
#include <pthread.h>

void* test_func(void* data)
{
  return data;
}

int main(void)
{
  pthread_t thread;
  pthread_create(&thread, NULL, test_func, NULL);
  pthread_detach(thread);
  pthread_join(thread, NULL);
  pthread_atfork(NULL, NULL, NULL);
  pthread_exit(NULL);

  return 0;
}

Determining if the function pthread_create exists in the pthreads failed with the following output:
Change Dir: /home/piyush/diy_bot/build/CMakeFiles/CMakeTmp

Run Build Command(s):/usr/bin/make cmTC_bd7dd/fast && /usr/bin/make -f CMakeFiles/cmTC_bd7dd.dir/build.make CMakeFiles/cmTC_bd7dd.dir/build
make[1]: Entering directory '/home/piyush/diy_bot/build/CMakeFiles/CMakeTmp'
Building C object CMakeFiles/cmTC_bd7dd.dir/CheckFunctionExists.c.o
/usr/bin/cc   -DCHECK_FUNCTION_EXISTS=pthread_create   -o CMakeFiles/cmTC_bd7dd.dir/CheckFunctionExists.c.o   -c /usr/share/cmake-3.16/Modules/CheckFunctionExists.c
Linking C executable cmTC_bd7dd
/usr/bin/cmake -E cmake_link_script CMakeFiles/cmTC_bd7dd.dir/link.txt --verbose=1
/usr/bin/cc  -DCHECK_FUNCTION_EXISTS=pthread_create    -rdynamic CMakeFiles/cmTC_bd7dd.dir/CheckFunctionExists.c.o  -o cmTC_bd7dd  -lpthreads 
/usr/bin/ld: cannot find -lpthreads
collect2: error: ld returned 1 exit status
make[1]: *** [CMakeFiles/cmTC_bd7dd.dir/build.make:87: cmTC_bd7dd] Error 1
make[1]: Leaving directory '/home/piyush/diy_bot/build/CMakeFiles/CMakeTmp'
make: *** [Makefile:121: cmTC_bd7dd/fast] Error 2



Determining if the function sgemm_ exists failed with the following output:
Change Dir: /home/piyush/diy_bot/build/CMakeFiles/CMakeTmp

Run Build Command(s):/usr/bin/make cmTC_e6f7b/fast && /usr/bin/make -f CMakeFiles/cmTC_e6f7b.dir/build.make CMakeFiles/cmTC_e6f7b.dir/build
make[1]: Entering directory '/home/piyush/diy_bot/build/CMakeFiles/CMakeTmp'
Building C object CMakeFiles/cmTC_e6f7b.dir/CheckFunctionExists.c.o
/usr/bin/cc   -DCHECK_FUNCTION_EXISTS=sgemm_   -o CMakeFiles/cmTC_e6f7b.dir/CheckFunctionExists.c.o   -c /usr/share/cmake-3.16/Modules/CheckFunctionExists.c
Linking C executable cmTC_e6f7b
/usr/bin/cmake -E cmake_link_script CMakeFiles/cmTC_e6f7b.dir/link.txt --verbose=1
/usr/bin/cc  -DCHECK_FUNCTION_EXISTS=sgemm_    CMakeFiles/cmTC_e6f7b.dir/CheckFunctionExists.c.o  -o cmTC_e6f7b 
/usr/bin/ld: CMakeFiles/cmTC_e6f7b.dir/CheckFunctionExists.c.o: in function `main':
CheckFunctionExists.c:(.text+0x14): undefined reference to `sgemm_'
collect2: error: ld returned 1 exit status
make[1]: *** [CMakeFiles/cmTC_e6f7b.dir/build.make:87: cmTC_e6f7b] Error 1
make[1]: Leaving directory '/home/piyush/diy_bot/build/CMakeFiles/CMakeTmp'
make: *** [Makefile:121: cmTC_e6f7b/fast] Error 2



